29-Aug-2016 23:02:54.939 INFO [main] org.apache.catalina.startup.VersionLoggerListener.log Server version:        Apache Tomcat/9.0.0.M4
29-Aug-2016 23:02:54.942 INFO [main] org.apache.catalina.startup.VersionLoggerListener.log Server built:          Mar 12 2016 11:39:59 UTC
29-Aug-2016 23:02:54.942 INFO [main] org.apache.catalina.startup.VersionLoggerListener.log Server number:         9.0.0.0
29-Aug-2016 23:02:54.943 INFO [main] org.apache.catalina.startup.VersionLoggerListener.log OS Name:               Mac OS X
29-Aug-2016 23:02:54.943 INFO [main] org.apache.catalina.startup.VersionLoggerListener.log OS Version:            10.11.6
29-Aug-2016 23:02:54.943 INFO [main] org.apache.catalina.startup.VersionLoggerListener.log Architecture:          x86_64
29-Aug-2016 23:02:54.944 INFO [main] org.apache.catalina.startup.VersionLoggerListener.log Java Home:             /Library/Java/JavaVirtualMachines/jdk1.8.0_40.jdk/Contents/Home/jre
29-Aug-2016 23:02:54.944 INFO [main] org.apache.catalina.startup.VersionLoggerListener.log JVM Version:           1.8.0_40-b27
29-Aug-2016 23:02:54.945 INFO [main] org.apache.catalina.startup.VersionLoggerListener.log JVM Vendor:            Oracle Corporation
29-Aug-2016 23:02:54.945 INFO [main] org.apache.catalina.startup.VersionLoggerListener.log CATALINA_BASE:         /Users/wangtianxia1/Documents/apache-tomcat-9.0.0.M4
29-Aug-2016 23:02:54.945 INFO [main] org.apache.catalina.startup.VersionLoggerListener.log CATALINA_HOME:         /Users/wangtianxia1/Documents/apache-tomcat-9.0.0.M4
29-Aug-2016 23:02:54.946 INFO [main] org.apache.catalina.startup.VersionLoggerListener.log Command line argument: -Djava.util.logging.config.file=/Users/wangtianxia1/Documents/apache-tomcat-9.0.0.M4/conf/logging.properties
29-Aug-2016 23:02:54.947 INFO [main] org.apache.catalina.startup.VersionLoggerListener.log Command line argument: -Djava.util.logging.manager=org.apache.juli.ClassLoaderLogManager
29-Aug-2016 23:02:54.947 INFO [main] org.apache.catalina.startup.VersionLoggerListener.log Command line argument: -Dcatalina.base=/Users/wangtianxia1/Documents/apache-tomcat-9.0.0.M4
29-Aug-2016 23:02:54.947 INFO [main] org.apache.catalina.startup.VersionLoggerListener.log Command line argument: -Dcatalina.home=/Users/wangtianxia1/Documents/apache-tomcat-9.0.0.M4
29-Aug-2016 23:02:54.948 INFO [main] org.apache.catalina.startup.VersionLoggerListener.log Command line argument: -Djava.io.tmpdir=/Users/wangtianxia1/Documents/apache-tomcat-9.0.0.M4/temp
29-Aug-2016 23:02:54.948 INFO [main] org.apache.catalina.core.AprLifecycleListener.lifecycleEvent The APR based Apache Tomcat Native library which allows optimal performance in production environments was not found on the java.library.path: /Users/wangtianxia1/Library/Java/Extensions:/Library/Java/Extensions:/Network/Library/Java/Extensions:/System/Library/Java/Extensions:/usr/lib/java:.
29-Aug-2016 23:02:55.221 INFO [main] org.apache.coyote.AbstractProtocol.init Initializing ProtocolHandler ["http-nio-8080"]
29-Aug-2016 23:02:55.289 INFO [main] org.apache.tomcat.util.net.NioSelectorPool.getSharedSelector Using a shared selector for servlet write/read
29-Aug-2016 23:02:55.293 INFO [main] org.apache.coyote.AbstractProtocol.init Initializing ProtocolHandler ["ajp-nio-8009"]
29-Aug-2016 23:02:55.296 INFO [main] org.apache.tomcat.util.net.NioSelectorPool.getSharedSelector Using a shared selector for servlet write/read
29-Aug-2016 23:02:55.297 INFO [main] org.apache.catalina.startup.Catalina.load Initialization processed in 1216 ms
29-Aug-2016 23:02:55.363 INFO [main] org.apache.catalina.core.StandardService.startInternal Starting service Catalina
29-Aug-2016 23:02:55.367 INFO [main] org.apache.catalina.core.StandardEngine.startInternal Starting Servlet Engine: Apache Tomcat/9.0.0.M4
29-Aug-2016 23:02:55.851 INFO [localhost-startStop-1] org.apache.catalina.startup.HostConfig.deployDirectory Deploying web application directory /Users/wangtianxia1/Documents/apache-tomcat-9.0.0.M4/webapps/docs
29-Aug-2016 23:02:55.928 INFO [localhost-startStop-1] org.apache.catalina.startup.HostConfig.deployDirectory Deployment of web application directory /Users/wangtianxia1/Documents/apache-tomcat-9.0.0.M4/webapps/docs has finished in 77 ms
29-Aug-2016 23:02:55.929 INFO [localhost-startStop-1] org.apache.catalina.startup.HostConfig.deployDirectory Deploying web application directory /Users/wangtianxia1/Documents/apache-tomcat-9.0.0.M4/webapps/examples
29-Aug-2016 23:02:56.480 INFO [localhost-startStop-1] org.apache.catalina.startup.HostConfig.deployDirectory Deployment of web application directory /Users/wangtianxia1/Documents/apache-tomcat-9.0.0.M4/webapps/examples has finished in 551 ms
29-Aug-2016 23:02:56.480 INFO [localhost-startStop-1] org.apache.catalina.startup.HostConfig.deployDirectory Deploying web application directory /Users/wangtianxia1/Documents/apache-tomcat-9.0.0.M4/webapps/host-manager
29-Aug-2016 23:02:56.570 INFO [localhost-startStop-1] org.apache.catalina.startup.HostConfig.deployDirectory Deployment of web application directory /Users/wangtianxia1/Documents/apache-tomcat-9.0.0.M4/webapps/host-manager has finished in 90 ms
29-Aug-2016 23:02:56.571 INFO [localhost-startStop-1] org.apache.catalina.startup.HostConfig.deployDirectory Deploying web application directory /Users/wangtianxia1/Documents/apache-tomcat-9.0.0.M4/webapps/manager
29-Aug-2016 23:02:56.627 INFO [localhost-startStop-1] org.apache.catalina.startup.HostConfig.deployDirectory Deployment of web application directory /Users/wangtianxia1/Documents/apache-tomcat-9.0.0.M4/webapps/manager has finished in 57 ms
29-Aug-2016 23:02:56.628 INFO [localhost-startStop-1] org.apache.catalina.startup.HostConfig.deployDirectory Deploying web application directory /Users/wangtianxia1/Documents/apache-tomcat-9.0.0.M4/webapps/ROOT
29-Aug-2016 23:02:56.663 INFO [localhost-startStop-1] org.apache.catalina.startup.HostConfig.deployDirectory Deployment of web application directory /Users/wangtianxia1/Documents/apache-tomcat-9.0.0.M4/webapps/ROOT has finished in 35 ms
29-Aug-2016 23:02:56.670 INFO [main] org.apache.coyote.AbstractProtocol.start Starting ProtocolHandler [http-nio-8080]
29-Aug-2016 23:02:56.681 INFO [main] org.apache.coyote.AbstractProtocol.start Starting ProtocolHandler [ajp-nio-8009]
29-Aug-2016 23:02:56.682 INFO [main] org.apache.catalina.startup.Catalina.start Server startup in 1384 ms
29-Aug-2016 23:09:36.101 INFO [Thread-5] org.apache.coyote.AbstractProtocol.pause Pausing ProtocolHandler ["http-nio-8080"]
29-Aug-2016 23:09:36.160 INFO [Thread-5] org.apache.coyote.AbstractProtocol.pause Pausing ProtocolHandler ["ajp-nio-8009"]
29-Aug-2016 23:09:36.214 INFO [Thread-5] org.apache.catalina.core.StandardService.stopInternal Stopping service Catalina
29-Aug-2016 23:09:36.263 INFO [Thread-5] org.apache.coyote.AbstractProtocol.stop Stopping ProtocolHandler ["http-nio-8080"]
29-Aug-2016 23:09:36.272 INFO [Thread-5] org.apache.coyote.AbstractProtocol.stop Stopping ProtocolHandler ["ajp-nio-8009"]
29-Aug-2016 23:09:36.274 INFO [Thread-5] org.apache.coyote.AbstractProtocol.destroy Destroying ProtocolHandler ["http-nio-8080"]
29-Aug-2016 23:09:36.276 INFO [Thread-5] org.apache.coyote.AbstractProtocol.destroy Destroying ProtocolHandler ["ajp-nio-8009"]
