29-Apr-2016 15:10:07.396 INFO [main] org.apache.catalina.startup.VersionLoggerListener.log Server version:        Apache Tomcat/9.0.0.M4
29-Apr-2016 15:10:07.397 INFO [main] org.apache.catalina.startup.VersionLoggerListener.log Server built:          Mar 12 2016 11:39:59 UTC
29-Apr-2016 15:10:07.398 INFO [main] org.apache.catalina.startup.VersionLoggerListener.log Server number:         9.0.0.0
29-Apr-2016 15:10:07.398 INFO [main] org.apache.catalina.startup.VersionLoggerListener.log OS Name:               Mac OS X
29-Apr-2016 15:10:07.398 INFO [main] org.apache.catalina.startup.VersionLoggerListener.log OS Version:            10.11.4
29-Apr-2016 15:10:07.398 INFO [main] org.apache.catalina.startup.VersionLoggerListener.log Architecture:          x86_64
29-Apr-2016 15:10:07.398 INFO [main] org.apache.catalina.startup.VersionLoggerListener.log Java Home:             /Library/Java/JavaVirtualMachines/jdk1.8.0_40.jdk/Contents/Home/jre
29-Apr-2016 15:10:07.399 INFO [main] org.apache.catalina.startup.VersionLoggerListener.log JVM Version:           1.8.0_40-b27
29-Apr-2016 15:10:07.399 INFO [main] org.apache.catalina.startup.VersionLoggerListener.log JVM Vendor:            Oracle Corporation
29-Apr-2016 15:10:07.399 INFO [main] org.apache.catalina.startup.VersionLoggerListener.log CATALINA_BASE:         /Users/wangtianxia1/Library/apache-tomcat-9.0.0.M4
29-Apr-2016 15:10:07.400 INFO [main] org.apache.catalina.startup.VersionLoggerListener.log CATALINA_HOME:         /Users/wangtianxia1/Library/apache-tomcat-9.0.0.M4
29-Apr-2016 15:10:07.400 INFO [main] org.apache.catalina.startup.VersionLoggerListener.log Command line argument: -Djava.util.logging.config.file=/Users/wangtianxia1/Library/apache-tomcat-9.0.0.M4/conf/logging.properties
29-Apr-2016 15:10:07.400 INFO [main] org.apache.catalina.startup.VersionLoggerListener.log Command line argument: -Djava.util.logging.manager=org.apache.juli.ClassLoaderLogManager
29-Apr-2016 15:10:07.401 INFO [main] org.apache.catalina.startup.VersionLoggerListener.log Command line argument: -Dcatalina.base=/Users/wangtianxia1/Library/apache-tomcat-9.0.0.M4
29-Apr-2016 15:10:07.401 INFO [main] org.apache.catalina.startup.VersionLoggerListener.log Command line argument: -Dcatalina.home=/Users/wangtianxia1/Library/apache-tomcat-9.0.0.M4
29-Apr-2016 15:10:07.401 INFO [main] org.apache.catalina.startup.VersionLoggerListener.log Command line argument: -Djava.io.tmpdir=/Users/wangtianxia1/Library/apache-tomcat-9.0.0.M4/temp
29-Apr-2016 15:10:07.401 INFO [main] org.apache.catalina.core.AprLifecycleListener.lifecycleEvent The APR based Apache Tomcat Native library which allows optimal performance in production environments was not found on the java.library.path: /Users/wangtianxia1/Library/Java/Extensions:/Library/Java/Extensions:/Network/Library/Java/Extensions:/System/Library/Java/Extensions:/usr/lib/java:.
29-Apr-2016 15:10:07.651 INFO [main] org.apache.coyote.AbstractProtocol.init Initializing ProtocolHandler ["http-nio-8080"]
29-Apr-2016 15:10:07.698 INFO [main] org.apache.tomcat.util.net.NioSelectorPool.getSharedSelector Using a shared selector for servlet write/read
29-Apr-2016 15:10:07.701 INFO [main] org.apache.coyote.AbstractProtocol.init Initializing ProtocolHandler ["ajp-nio-8009"]
29-Apr-2016 15:10:07.703 INFO [main] org.apache.tomcat.util.net.NioSelectorPool.getSharedSelector Using a shared selector for servlet write/read
29-Apr-2016 15:10:07.703 INFO [main] org.apache.catalina.startup.Catalina.load Initialization processed in 915 ms
29-Apr-2016 15:10:07.742 INFO [main] org.apache.catalina.core.StandardService.startInternal Starting service Catalina
29-Apr-2016 15:10:07.742 INFO [main] org.apache.catalina.core.StandardEngine.startInternal Starting Servlet Engine: Apache Tomcat/9.0.0.M4
29-Apr-2016 15:10:07.756 INFO [localhost-startStop-1] org.apache.catalina.startup.HostConfig.deployDirectory Deploying web application directory /Users/wangtianxia1/Library/apache-tomcat-9.0.0.M4/webapps/docs
29-Apr-2016 15:10:08.165 INFO [localhost-startStop-1] org.apache.catalina.startup.HostConfig.deployDirectory Deployment of web application directory /Users/wangtianxia1/Library/apache-tomcat-9.0.0.M4/webapps/docs has finished in 408 ms
29-Apr-2016 15:10:08.166 INFO [localhost-startStop-1] org.apache.catalina.startup.HostConfig.deployDirectory Deploying web application directory /Users/wangtianxia1/Library/apache-tomcat-9.0.0.M4/webapps/examples
29-Apr-2016 15:10:08.550 INFO [localhost-startStop-1] org.apache.catalina.startup.HostConfig.deployDirectory Deployment of web application directory /Users/wangtianxia1/Library/apache-tomcat-9.0.0.M4/webapps/examples has finished in 385 ms
29-Apr-2016 15:10:08.550 INFO [localhost-startStop-1] org.apache.catalina.startup.HostConfig.deployDirectory Deploying web application directory /Users/wangtianxia1/Library/apache-tomcat-9.0.0.M4/webapps/host-manager
29-Apr-2016 15:10:08.590 INFO [localhost-startStop-1] org.apache.catalina.startup.HostConfig.deployDirectory Deployment of web application directory /Users/wangtianxia1/Library/apache-tomcat-9.0.0.M4/webapps/host-manager has finished in 39 ms
29-Apr-2016 15:10:08.590 INFO [localhost-startStop-1] org.apache.catalina.startup.HostConfig.deployDirectory Deploying web application directory /Users/wangtianxia1/Library/apache-tomcat-9.0.0.M4/webapps/manager
29-Apr-2016 15:10:08.624 INFO [localhost-startStop-1] org.apache.catalina.startup.HostConfig.deployDirectory Deployment of web application directory /Users/wangtianxia1/Library/apache-tomcat-9.0.0.M4/webapps/manager has finished in 34 ms
29-Apr-2016 15:10:08.624 INFO [localhost-startStop-1] org.apache.catalina.startup.HostConfig.deployDirectory Deploying web application directory /Users/wangtianxia1/Library/apache-tomcat-9.0.0.M4/webapps/ROOT
29-Apr-2016 15:10:08.668 INFO [localhost-startStop-1] org.apache.catalina.startup.HostConfig.deployDirectory Deployment of web application directory /Users/wangtianxia1/Library/apache-tomcat-9.0.0.M4/webapps/ROOT has finished in 41 ms
29-Apr-2016 15:10:08.674 INFO [main] org.apache.coyote.AbstractProtocol.start Starting ProtocolHandler [http-nio-8080]
29-Apr-2016 15:10:08.684 INFO [main] org.apache.coyote.AbstractProtocol.start Starting ProtocolHandler [ajp-nio-8009]
29-Apr-2016 15:10:08.688 INFO [main] org.apache.catalina.startup.Catalina.start Server startup in 984 ms
29-Apr-2016 15:11:04.395 INFO [main] org.apache.catalina.core.StandardServer.await A valid shutdown command was received via the shutdown port. Stopping the Server instance.
29-Apr-2016 15:11:04.396 INFO [main] org.apache.coyote.AbstractProtocol.pause Pausing ProtocolHandler ["http-nio-8080"]
29-Apr-2016 15:11:04.453 INFO [main] org.apache.coyote.AbstractProtocol.pause Pausing ProtocolHandler ["ajp-nio-8009"]
29-Apr-2016 15:11:04.509 INFO [main] org.apache.catalina.core.StandardService.stopInternal Stopping service Catalina
29-Apr-2016 15:11:04.550 INFO [main] org.apache.coyote.AbstractProtocol.stop Stopping ProtocolHandler ["http-nio-8080"]
29-Apr-2016 15:11:04.555 INFO [main] org.apache.coyote.AbstractProtocol.stop Stopping ProtocolHandler ["ajp-nio-8009"]
29-Apr-2016 15:11:04.557 INFO [main] org.apache.coyote.AbstractProtocol.destroy Destroying ProtocolHandler ["http-nio-8080"]
29-Apr-2016 15:11:04.558 INFO [main] org.apache.coyote.AbstractProtocol.destroy Destroying ProtocolHandler ["ajp-nio-8009"]
17-Jul-2016 00:26:36.101 INFO [main] org.apache.catalina.startup.VersionLoggerListener.log Server version:        Apache Tomcat/9.0.0.M4
17-Jul-2016 00:26:36.104 INFO [main] org.apache.catalina.startup.VersionLoggerListener.log Server built:          Mar 12 2016 11:39:59 UTC
17-Jul-2016 00:26:36.106 INFO [main] org.apache.catalina.startup.VersionLoggerListener.log Server number:         9.0.0.0
17-Jul-2016 00:26:36.106 INFO [main] org.apache.catalina.startup.VersionLoggerListener.log OS Name:               Mac OS X
17-Jul-2016 00:26:36.106 INFO [main] org.apache.catalina.startup.VersionLoggerListener.log OS Version:            10.11.5
17-Jul-2016 00:26:36.107 INFO [main] org.apache.catalina.startup.VersionLoggerListener.log Architecture:          x86_64
17-Jul-2016 00:26:36.107 INFO [main] org.apache.catalina.startup.VersionLoggerListener.log Java Home:             /Library/Java/JavaVirtualMachines/jdk1.8.0_40.jdk/Contents/Home/jre
17-Jul-2016 00:26:36.107 INFO [main] org.apache.catalina.startup.VersionLoggerListener.log JVM Version:           1.8.0_40-b27
17-Jul-2016 00:26:36.107 INFO [main] org.apache.catalina.startup.VersionLoggerListener.log JVM Vendor:            Oracle Corporation
17-Jul-2016 00:26:36.107 INFO [main] org.apache.catalina.startup.VersionLoggerListener.log CATALINA_BASE:         /Users/wangtianxia1/Documents/apache-tomcat-9.0.0.M4
17-Jul-2016 00:26:36.108 INFO [main] org.apache.catalina.startup.VersionLoggerListener.log CATALINA_HOME:         /Users/wangtianxia1/Documents/apache-tomcat-9.0.0.M4
17-Jul-2016 00:26:36.110 INFO [main] org.apache.catalina.startup.VersionLoggerListener.log Command line argument: -Djava.util.logging.config.file=/Users/wangtianxia1/Documents/apache-tomcat-9.0.0.M4/conf/logging.properties
17-Jul-2016 00:26:36.110 INFO [main] org.apache.catalina.startup.VersionLoggerListener.log Command line argument: -Djava.util.logging.manager=org.apache.juli.ClassLoaderLogManager
17-Jul-2016 00:26:36.111 INFO [main] org.apache.catalina.startup.VersionLoggerListener.log Command line argument: -Dcatalina.base=/Users/wangtianxia1/Documents/apache-tomcat-9.0.0.M4
17-Jul-2016 00:26:36.111 INFO [main] org.apache.catalina.startup.VersionLoggerListener.log Command line argument: -Dcatalina.home=/Users/wangtianxia1/Documents/apache-tomcat-9.0.0.M4
17-Jul-2016 00:26:36.111 INFO [main] org.apache.catalina.startup.VersionLoggerListener.log Command line argument: -Djava.io.tmpdir=/Users/wangtianxia1/Documents/apache-tomcat-9.0.0.M4/temp
17-Jul-2016 00:26:36.111 INFO [main] org.apache.catalina.core.AprLifecycleListener.lifecycleEvent The APR based Apache Tomcat Native library which allows optimal performance in production environments was not found on the java.library.path: /Users/wangtianxia1/Library/Java/Extensions:/Library/Java/Extensions:/Network/Library/Java/Extensions:/System/Library/Java/Extensions:/usr/lib/java:.
17-Jul-2016 00:26:36.350 INFO [main] org.apache.coyote.AbstractProtocol.init Initializing ProtocolHandler ["http-nio-8080"]
17-Jul-2016 00:26:36.391 INFO [main] org.apache.tomcat.util.net.NioSelectorPool.getSharedSelector Using a shared selector for servlet write/read
17-Jul-2016 00:26:36.394 INFO [main] org.apache.coyote.AbstractProtocol.init Initializing ProtocolHandler ["ajp-nio-8009"]
17-Jul-2016 00:26:36.395 INFO [main] org.apache.tomcat.util.net.NioSelectorPool.getSharedSelector Using a shared selector for servlet write/read
17-Jul-2016 00:26:36.396 INFO [main] org.apache.catalina.startup.Catalina.load Initialization processed in 949 ms
17-Jul-2016 00:26:36.432 INFO [main] org.apache.catalina.core.StandardService.startInternal Starting service Catalina
17-Jul-2016 00:26:36.432 INFO [main] org.apache.catalina.core.StandardEngine.startInternal Starting Servlet Engine: Apache Tomcat/9.0.0.M4
17-Jul-2016 00:26:36.444 INFO [localhost-startStop-1] org.apache.catalina.startup.HostConfig.deployDirectory Deploying web application directory /Users/wangtianxia1/Documents/apache-tomcat-9.0.0.M4/webapps/docs
17-Jul-2016 00:26:36.876 INFO [localhost-startStop-1] org.apache.catalina.startup.HostConfig.deployDirectory Deployment of web application directory /Users/wangtianxia1/Documents/apache-tomcat-9.0.0.M4/webapps/docs has finished in 431 ms
17-Jul-2016 00:26:36.876 INFO [localhost-startStop-1] org.apache.catalina.startup.HostConfig.deployDirectory Deploying web application directory /Users/wangtianxia1/Documents/apache-tomcat-9.0.0.M4/webapps/examples
17-Jul-2016 00:26:37.340 INFO [localhost-startStop-1] org.apache.catalina.startup.HostConfig.deployDirectory Deployment of web application directory /Users/wangtianxia1/Documents/apache-tomcat-9.0.0.M4/webapps/examples has finished in 464 ms
17-Jul-2016 00:26:37.340 INFO [localhost-startStop-1] org.apache.catalina.startup.HostConfig.deployDirectory Deploying web application directory /Users/wangtianxia1/Documents/apache-tomcat-9.0.0.M4/webapps/host-manager
17-Jul-2016 00:26:37.383 INFO [localhost-startStop-1] org.apache.catalina.startup.HostConfig.deployDirectory Deployment of web application directory /Users/wangtianxia1/Documents/apache-tomcat-9.0.0.M4/webapps/host-manager has finished in 43 ms
17-Jul-2016 00:26:37.386 INFO [localhost-startStop-1] org.apache.catalina.startup.HostConfig.deployDirectory Deploying web application directory /Users/wangtianxia1/Documents/apache-tomcat-9.0.0.M4/webapps/manager
17-Jul-2016 00:26:37.427 INFO [localhost-startStop-1] org.apache.catalina.startup.HostConfig.deployDirectory Deployment of web application directory /Users/wangtianxia1/Documents/apache-tomcat-9.0.0.M4/webapps/manager has finished in 41 ms
17-Jul-2016 00:26:37.427 INFO [localhost-startStop-1] org.apache.catalina.startup.HostConfig.deployDirectory Deploying web application directory /Users/wangtianxia1/Documents/apache-tomcat-9.0.0.M4/webapps/ROOT
17-Jul-2016 00:26:37.475 INFO [localhost-startStop-1] org.apache.catalina.startup.HostConfig.deployDirectory Deployment of web application directory /Users/wangtianxia1/Documents/apache-tomcat-9.0.0.M4/webapps/ROOT has finished in 47 ms
17-Jul-2016 00:26:37.479 INFO [main] org.apache.coyote.AbstractProtocol.start Starting ProtocolHandler [http-nio-8080]
17-Jul-2016 00:26:37.488 INFO [main] org.apache.coyote.AbstractProtocol.start Starting ProtocolHandler [ajp-nio-8009]
17-Jul-2016 00:26:37.489 INFO [main] org.apache.catalina.startup.Catalina.start Server startup in 1093 ms
17-Jul-2016 00:29:41.551 WARNING [main] org.apache.catalina.core.StandardServer.await StandardServer.await: Invalid command '' received
17-Jul-2016 00:31:41.223 WARNING [main] org.apache.catalina.core.StandardServer.await StandardServer.await: Invalid command '' received
17-Jul-2016 00:38:23.140 WARNING [main] org.apache.catalina.core.StandardServer.await StandardServer.await: Invalid command '' received
17-Jul-2016 00:39:20.877 WARNING [main] org.apache.catalina.core.StandardServer.await StandardServer.await: Invalid command '' received
17-Jul-2016 00:44:10.653 WARNING [main] org.apache.catalina.core.StandardServer.await StandardServer.await: Invalid command '' received
17-Jul-2016 00:48:44.418 INFO [main] org.apache.catalina.core.StandardServer.await A valid shutdown command was received via the shutdown port. Stopping the Server instance.
17-Jul-2016 00:48:44.422 INFO [main] org.apache.coyote.AbstractProtocol.pause Pausing ProtocolHandler ["http-nio-8080"]
17-Jul-2016 00:48:44.493 INFO [main] org.apache.coyote.AbstractProtocol.pause Pausing ProtocolHandler ["ajp-nio-8009"]
17-Jul-2016 00:48:44.549 INFO [main] org.apache.catalina.core.StandardService.stopInternal Stopping service Catalina
17-Jul-2016 00:48:44.613 INFO [main] org.apache.coyote.AbstractProtocol.stop Stopping ProtocolHandler ["http-nio-8080"]
17-Jul-2016 00:48:44.617 INFO [main] org.apache.coyote.AbstractProtocol.stop Stopping ProtocolHandler ["ajp-nio-8009"]
17-Jul-2016 00:48:44.622 INFO [main] org.apache.coyote.AbstractProtocol.destroy Destroying ProtocolHandler ["http-nio-8080"]
17-Jul-2016 00:48:44.625 INFO [main] org.apache.coyote.AbstractProtocol.destroy Destroying ProtocolHandler ["ajp-nio-8009"]
05-Sep-2016 13:04:54.642 INFO [main] org.apache.catalina.startup.VersionLoggerListener.log Server version:        Apache Tomcat/9.0.0.M4
05-Sep-2016 13:04:54.645 INFO [main] org.apache.catalina.startup.VersionLoggerListener.log Server built:          Mar 12 2016 11:39:59 UTC
05-Sep-2016 13:04:54.646 INFO [main] org.apache.catalina.startup.VersionLoggerListener.log Server number:         9.0.0.0
05-Sep-2016 13:04:54.646 INFO [main] org.apache.catalina.startup.VersionLoggerListener.log OS Name:               Mac OS X
05-Sep-2016 13:04:54.646 INFO [main] org.apache.catalina.startup.VersionLoggerListener.log OS Version:            10.11.6
05-Sep-2016 13:04:54.646 INFO [main] org.apache.catalina.startup.VersionLoggerListener.log Architecture:          x86_64
05-Sep-2016 13:04:54.646 INFO [main] org.apache.catalina.startup.VersionLoggerListener.log Java Home:             /Library/Java/JavaVirtualMachines/jdk1.8.0_40.jdk/Contents/Home/jre
05-Sep-2016 13:04:54.647 INFO [main] org.apache.catalina.startup.VersionLoggerListener.log JVM Version:           1.8.0_40-b27
05-Sep-2016 13:04:54.647 INFO [main] org.apache.catalina.startup.VersionLoggerListener.log JVM Vendor:            Oracle Corporation
05-Sep-2016 13:04:54.647 INFO [main] org.apache.catalina.startup.VersionLoggerListener.log CATALINA_BASE:         /Users/wangtianxia1/Documents/apache-tomcat-9.0.0.M4
05-Sep-2016 13:04:54.647 INFO [main] org.apache.catalina.startup.VersionLoggerListener.log CATALINA_HOME:         /Users/wangtianxia1/Documents/apache-tomcat-9.0.0.M4
05-Sep-2016 13:04:54.648 INFO [main] org.apache.catalina.startup.VersionLoggerListener.log Command line argument: -Djava.util.logging.config.file=/Users/wangtianxia1/Documents/apache-tomcat-9.0.0.M4/conf/logging.properties
05-Sep-2016 13:04:54.648 INFO [main] org.apache.catalina.startup.VersionLoggerListener.log Command line argument: -Djava.util.logging.manager=org.apache.juli.ClassLoaderLogManager
05-Sep-2016 13:04:54.648 INFO [main] org.apache.catalina.startup.VersionLoggerListener.log Command line argument: -Dcatalina.base=/Users/wangtianxia1/Documents/apache-tomcat-9.0.0.M4
05-Sep-2016 13:04:54.649 INFO [main] org.apache.catalina.startup.VersionLoggerListener.log Command line argument: -Dcatalina.home=/Users/wangtianxia1/Documents/apache-tomcat-9.0.0.M4
05-Sep-2016 13:04:54.649 INFO [main] org.apache.catalina.startup.VersionLoggerListener.log Command line argument: -Djava.io.tmpdir=/Users/wangtianxia1/Documents/apache-tomcat-9.0.0.M4/temp
05-Sep-2016 13:04:54.649 INFO [main] org.apache.catalina.core.AprLifecycleListener.lifecycleEvent The APR based Apache Tomcat Native library which allows optimal performance in production environments was not found on the java.library.path: /Users/wangtianxia1/Library/Java/Extensions:/Library/Java/Extensions:/Network/Library/Java/Extensions:/System/Library/Java/Extensions:/usr/lib/java:.
05-Sep-2016 13:04:54.990 INFO [main] org.apache.coyote.AbstractProtocol.init Initializing ProtocolHandler ["http-nio-8080"]
05-Sep-2016 13:04:55.076 INFO [main] org.apache.tomcat.util.net.NioSelectorPool.getSharedSelector Using a shared selector for servlet write/read
05-Sep-2016 13:04:55.081 INFO [main] org.apache.coyote.AbstractProtocol.init Initializing ProtocolHandler ["ajp-nio-8009"]
05-Sep-2016 13:04:55.083 INFO [main] org.apache.tomcat.util.net.NioSelectorPool.getSharedSelector Using a shared selector for servlet write/read
05-Sep-2016 13:04:55.085 INFO [main] org.apache.catalina.startup.Catalina.load Initialization processed in 1573 ms
05-Sep-2016 13:04:55.132 INFO [main] org.apache.catalina.core.StandardService.startInternal Starting service Catalina
05-Sep-2016 13:04:55.132 INFO [main] org.apache.catalina.core.StandardEngine.startInternal Starting Servlet Engine: Apache Tomcat/9.0.0.M4
05-Sep-2016 13:04:55.604 INFO [localhost-startStop-1] org.apache.catalina.startup.HostConfig.deployDirectory Deploying web application directory /Users/wangtianxia1/Documents/apache-tomcat-9.0.0.M4/webapps/docs
05-Sep-2016 13:04:55.634 INFO [localhost-startStop-1] org.apache.catalina.startup.HostConfig.deployDirectory Deployment of web application directory /Users/wangtianxia1/Documents/apache-tomcat-9.0.0.M4/webapps/docs has finished in 29 ms
05-Sep-2016 13:04:55.635 INFO [localhost-startStop-1] org.apache.catalina.startup.HostConfig.deployDirectory Deploying web application directory /Users/wangtianxia1/Documents/apache-tomcat-9.0.0.M4/webapps/examples
05-Sep-2016 13:04:56.179 INFO [localhost-startStop-1] org.apache.catalina.startup.HostConfig.deployDirectory Deployment of web application directory /Users/wangtianxia1/Documents/apache-tomcat-9.0.0.M4/webapps/examples has finished in 545 ms
05-Sep-2016 13:04:56.179 INFO [localhost-startStop-1] org.apache.catalina.startup.HostConfig.deployDirectory Deploying web application directory /Users/wangtianxia1/Documents/apache-tomcat-9.0.0.M4/webapps/host-manager
05-Sep-2016 13:04:56.254 INFO [localhost-startStop-1] org.apache.catalina.startup.HostConfig.deployDirectory Deployment of web application directory /Users/wangtianxia1/Documents/apache-tomcat-9.0.0.M4/webapps/host-manager has finished in 75 ms
05-Sep-2016 13:04:56.254 INFO [localhost-startStop-1] org.apache.catalina.startup.HostConfig.deployDirectory Deploying web application directory /Users/wangtianxia1/Documents/apache-tomcat-9.0.0.M4/webapps/manager
05-Sep-2016 13:04:56.350 INFO [localhost-startStop-1] org.apache.catalina.startup.HostConfig.deployDirectory Deployment of web application directory /Users/wangtianxia1/Documents/apache-tomcat-9.0.0.M4/webapps/manager has finished in 96 ms
05-Sep-2016 13:04:56.351 INFO [localhost-startStop-1] org.apache.catalina.startup.HostConfig.deployDirectory Deploying web application directory /Users/wangtianxia1/Documents/apache-tomcat-9.0.0.M4/webapps/ROOT
05-Sep-2016 13:04:56.393 INFO [localhost-startStop-1] org.apache.catalina.startup.HostConfig.deployDirectory Deployment of web application directory /Users/wangtianxia1/Documents/apache-tomcat-9.0.0.M4/webapps/ROOT has finished in 42 ms
05-Sep-2016 13:04:56.399 INFO [main] org.apache.coyote.AbstractProtocol.start Starting ProtocolHandler [http-nio-8080]
05-Sep-2016 13:04:56.410 INFO [main] org.apache.coyote.AbstractProtocol.start Starting ProtocolHandler [ajp-nio-8009]
05-Sep-2016 13:04:56.411 INFO [main] org.apache.catalina.startup.Catalina.start Server startup in 1325 ms
05-Sep-2016 13:07:23.611 INFO [main] org.apache.catalina.startup.VersionLoggerListener.log Server version:        Apache Tomcat/9.0.0.M4
05-Sep-2016 13:07:23.613 INFO [main] org.apache.catalina.startup.VersionLoggerListener.log Server built:          Mar 12 2016 11:39:59 UTC
05-Sep-2016 13:07:23.614 INFO [main] org.apache.catalina.startup.VersionLoggerListener.log Server number:         9.0.0.0
05-Sep-2016 13:07:23.614 INFO [main] org.apache.catalina.startup.VersionLoggerListener.log OS Name:               Mac OS X
05-Sep-2016 13:07:23.614 INFO [main] org.apache.catalina.startup.VersionLoggerListener.log OS Version:            10.11.6
05-Sep-2016 13:07:23.614 INFO [main] org.apache.catalina.startup.VersionLoggerListener.log Architecture:          x86_64
05-Sep-2016 13:07:23.614 INFO [main] org.apache.catalina.startup.VersionLoggerListener.log Java Home:             /Library/Java/JavaVirtualMachines/jdk1.8.0_40.jdk/Contents/Home/jre
05-Sep-2016 13:07:23.614 INFO [main] org.apache.catalina.startup.VersionLoggerListener.log JVM Version:           1.8.0_40-b27
05-Sep-2016 13:07:23.614 INFO [main] org.apache.catalina.startup.VersionLoggerListener.log JVM Vendor:            Oracle Corporation
05-Sep-2016 13:07:23.615 INFO [main] org.apache.catalina.startup.VersionLoggerListener.log CATALINA_BASE:         /Users/wangtianxia1/Documents/apache-tomcat-9.0.0.M4
05-Sep-2016 13:07:23.615 INFO [main] org.apache.catalina.startup.VersionLoggerListener.log CATALINA_HOME:         /Users/wangtianxia1/Documents/apache-tomcat-9.0.0.M4
05-Sep-2016 13:07:23.616 INFO [main] org.apache.catalina.startup.VersionLoggerListener.log Command line argument: -Djava.util.logging.config.file=/Users/wangtianxia1/Documents/apache-tomcat-9.0.0.M4/conf/logging.properties
05-Sep-2016 13:07:23.617 INFO [main] org.apache.catalina.startup.VersionLoggerListener.log Command line argument: -Djava.util.logging.manager=org.apache.juli.ClassLoaderLogManager
05-Sep-2016 13:07:23.617 INFO [main] org.apache.catalina.startup.VersionLoggerListener.log Command line argument: -Dcatalina.base=/Users/wangtianxia1/Documents/apache-tomcat-9.0.0.M4
05-Sep-2016 13:07:23.617 INFO [main] org.apache.catalina.startup.VersionLoggerListener.log Command line argument: -Dcatalina.home=/Users/wangtianxia1/Documents/apache-tomcat-9.0.0.M4
05-Sep-2016 13:07:23.617 INFO [main] org.apache.catalina.startup.VersionLoggerListener.log Command line argument: -Djava.io.tmpdir=/Users/wangtianxia1/Documents/apache-tomcat-9.0.0.M4/temp
05-Sep-2016 13:07:23.618 INFO [main] org.apache.catalina.core.AprLifecycleListener.lifecycleEvent The APR based Apache Tomcat Native library which allows optimal performance in production environments was not found on the java.library.path: /Users/wangtianxia1/Library/Java/Extensions:/Library/Java/Extensions:/Network/Library/Java/Extensions:/System/Library/Java/Extensions:/usr/lib/java:.
05-Sep-2016 13:07:23.847 INFO [main] org.apache.coyote.AbstractProtocol.init Initializing ProtocolHandler ["http-nio-8080"]
05-Sep-2016 13:07:23.877 SEVERE [main] org.apache.coyote.AbstractProtocol.init Failed to initialize end point associated with ProtocolHandler ["http-nio-8080"]
 java.net.BindException: Address already in use
	at sun.nio.ch.Net.bind0(Native Method)
	at sun.nio.ch.Net.bind(Net.java:437)
	at sun.nio.ch.Net.bind(Net.java:429)
	at sun.nio.ch.ServerSocketChannelImpl.bind(ServerSocketChannelImpl.java:223)
	at sun.nio.ch.ServerSocketAdaptor.bind(ServerSocketAdaptor.java:74)
	at org.apache.tomcat.util.net.NioEndpoint.bind(NioEndpoint.java:245)
	at org.apache.tomcat.util.net.AbstractEndpoint.init(AbstractEndpoint.java:798)
	at org.apache.coyote.AbstractProtocol.init(AbstractProtocol.java:547)
	at org.apache.coyote.http11.AbstractHttp11Protocol.init(AbstractHttp11Protocol.java:66)
	at org.apache.catalina.connector.Connector.initInternal(Connector.java:1010)
	at org.apache.catalina.util.LifecycleBase.init(LifecycleBase.java:107)
	at org.apache.catalina.core.StandardService.initInternal(StandardService.java:549)
	at org.apache.catalina.util.LifecycleBase.init(LifecycleBase.java:107)
	at org.apache.catalina.core.StandardServer.initInternal(StandardServer.java:873)
	at org.apache.catalina.util.LifecycleBase.init(LifecycleBase.java:107)
	at org.apache.catalina.startup.Catalina.load(Catalina.java:606)
	at org.apache.catalina.startup.Catalina.load(Catalina.java:629)
	at sun.reflect.NativeMethodAccessorImpl.invoke0(Native Method)
	at sun.reflect.NativeMethodAccessorImpl.invoke(NativeMethodAccessorImpl.java:62)
	at sun.reflect.DelegatingMethodAccessorImpl.invoke(DelegatingMethodAccessorImpl.java:43)
	at java.lang.reflect.Method.invoke(Method.java:497)
	at org.apache.catalina.startup.Bootstrap.load(Bootstrap.java:311)
	at org.apache.catalina.startup.Bootstrap.main(Bootstrap.java:494)

05-Sep-2016 13:07:23.882 SEVERE [main] org.apache.catalina.core.StandardService.initInternal Failed to initialize connector [Connector[HTTP/1.1-8080]]
 org.apache.catalina.LifecycleException: Failed to initialize component [Connector[HTTP/1.1-8080]]
	at org.apache.catalina.util.LifecycleBase.init(LifecycleBase.java:112)
	at org.apache.catalina.core.StandardService.initInternal(StandardService.java:549)
	at org.apache.catalina.util.LifecycleBase.init(LifecycleBase.java:107)
	at org.apache.catalina.core.StandardServer.initInternal(StandardServer.java:873)
	at org.apache.catalina.util.LifecycleBase.init(LifecycleBase.java:107)
	at org.apache.catalina.startup.Catalina.load(Catalina.java:606)
	at org.apache.catalina.startup.Catalina.load(Catalina.java:629)
	at sun.reflect.NativeMethodAccessorImpl.invoke0(Native Method)
	at sun.reflect.NativeMethodAccessorImpl.invoke(NativeMethodAccessorImpl.java:62)
	at sun.reflect.DelegatingMethodAccessorImpl.invoke(DelegatingMethodAccessorImpl.java:43)
	at java.lang.reflect.Method.invoke(Method.java:497)
	at org.apache.catalina.startup.Bootstrap.load(Bootstrap.java:311)
	at org.apache.catalina.startup.Bootstrap.main(Bootstrap.java:494)
Caused by: org.apache.catalina.LifecycleException: Protocol handler initialization failed
	at org.apache.catalina.connector.Connector.initInternal(Connector.java:1013)
	at org.apache.catalina.util.LifecycleBase.init(LifecycleBase.java:107)
	... 12 more
Caused by: java.net.BindException: Address already in use
	at sun.nio.ch.Net.bind0(Native Method)
	at sun.nio.ch.Net.bind(Net.java:437)
	at sun.nio.ch.Net.bind(Net.java:429)
	at sun.nio.ch.ServerSocketChannelImpl.bind(ServerSocketChannelImpl.java:223)
	at sun.nio.ch.ServerSocketAdaptor.bind(ServerSocketAdaptor.java:74)
	at org.apache.tomcat.util.net.NioEndpoint.bind(NioEndpoint.java:245)
	at org.apache.tomcat.util.net.AbstractEndpoint.init(AbstractEndpoint.java:798)
	at org.apache.coyote.AbstractProtocol.init(AbstractProtocol.java:547)
	at org.apache.coyote.http11.AbstractHttp11Protocol.init(AbstractHttp11Protocol.java:66)
	at org.apache.catalina.connector.Connector.initInternal(Connector.java:1010)
	... 13 more

05-Sep-2016 13:07:23.884 INFO [main] org.apache.coyote.AbstractProtocol.init Initializing ProtocolHandler ["ajp-nio-8009"]
05-Sep-2016 13:07:23.888 SEVERE [main] org.apache.coyote.AbstractProtocol.init Failed to initialize end point associated with ProtocolHandler ["ajp-nio-8009"]
 java.net.BindException: Address already in use
	at sun.nio.ch.Net.bind0(Native Method)
	at sun.nio.ch.Net.bind(Net.java:437)
	at sun.nio.ch.Net.bind(Net.java:429)
	at sun.nio.ch.ServerSocketChannelImpl.bind(ServerSocketChannelImpl.java:223)
	at sun.nio.ch.ServerSocketAdaptor.bind(ServerSocketAdaptor.java:74)
	at org.apache.tomcat.util.net.NioEndpoint.bind(NioEndpoint.java:245)
	at org.apache.tomcat.util.net.AbstractEndpoint.init(AbstractEndpoint.java:798)
	at org.apache.coyote.AbstractProtocol.init(AbstractProtocol.java:547)
	at org.apache.catalina.connector.Connector.initInternal(Connector.java:1010)
	at org.apache.catalina.util.LifecycleBase.init(LifecycleBase.java:107)
	at org.apache.catalina.core.StandardService.initInternal(StandardService.java:549)
	at org.apache.catalina.util.LifecycleBase.init(LifecycleBase.java:107)
	at org.apache.catalina.core.StandardServer.initInternal(StandardServer.java:873)
	at org.apache.catalina.util.LifecycleBase.init(LifecycleBase.java:107)
	at org.apache.catalina.startup.Catalina.load(Catalina.java:606)
	at org.apache.catalina.startup.Catalina.load(Catalina.java:629)
	at sun.reflect.NativeMethodAccessorImpl.invoke0(Native Method)
	at sun.reflect.NativeMethodAccessorImpl.invoke(NativeMethodAccessorImpl.java:62)
	at sun.reflect.DelegatingMethodAccessorImpl.invoke(DelegatingMethodAccessorImpl.java:43)
	at java.lang.reflect.Method.invoke(Method.java:497)
	at org.apache.catalina.startup.Bootstrap.load(Bootstrap.java:311)
	at org.apache.catalina.startup.Bootstrap.main(Bootstrap.java:494)

05-Sep-2016 13:07:23.890 SEVERE [main] org.apache.catalina.core.StandardService.initInternal Failed to initialize connector [Connector[AJP/1.3-8009]]
 org.apache.catalina.LifecycleException: Failed to initialize component [Connector[AJP/1.3-8009]]
	at org.apache.catalina.util.LifecycleBase.init(LifecycleBase.java:112)
	at org.apache.catalina.core.StandardService.initInternal(StandardService.java:549)
	at org.apache.catalina.util.LifecycleBase.init(LifecycleBase.java:107)
	at org.apache.catalina.core.StandardServer.initInternal(StandardServer.java:873)
	at org.apache.catalina.util.LifecycleBase.init(LifecycleBase.java:107)
	at org.apache.catalina.startup.Catalina.load(Catalina.java:606)
	at org.apache.catalina.startup.Catalina.load(Catalina.java:629)
	at sun.reflect.NativeMethodAccessorImpl.invoke0(Native Method)
	at sun.reflect.NativeMethodAccessorImpl.invoke(NativeMethodAccessorImpl.java:62)
	at sun.reflect.DelegatingMethodAccessorImpl.invoke(DelegatingMethodAccessorImpl.java:43)
	at java.lang.reflect.Method.invoke(Method.java:497)
	at org.apache.catalina.startup.Bootstrap.load(Bootstrap.java:311)
	at org.apache.catalina.startup.Bootstrap.main(Bootstrap.java:494)
Caused by: org.apache.catalina.LifecycleException: Protocol handler initialization failed
	at org.apache.catalina.connector.Connector.initInternal(Connector.java:1013)
	at org.apache.catalina.util.LifecycleBase.init(LifecycleBase.java:107)
	... 12 more
Caused by: java.net.BindException: Address already in use
	at sun.nio.ch.Net.bind0(Native Method)
	at sun.nio.ch.Net.bind(Net.java:437)
	at sun.nio.ch.Net.bind(Net.java:429)
	at sun.nio.ch.ServerSocketChannelImpl.bind(ServerSocketChannelImpl.java:223)
	at sun.nio.ch.ServerSocketAdaptor.bind(ServerSocketAdaptor.java:74)
	at org.apache.tomcat.util.net.NioEndpoint.bind(NioEndpoint.java:245)
	at org.apache.tomcat.util.net.AbstractEndpoint.init(AbstractEndpoint.java:798)
	at org.apache.coyote.AbstractProtocol.init(AbstractProtocol.java:547)
	at org.apache.catalina.connector.Connector.initInternal(Connector.java:1010)
	... 13 more

05-Sep-2016 13:07:23.893 INFO [main] org.apache.catalina.startup.Catalina.load Initialization processed in 1004 ms
05-Sep-2016 13:07:23.928 INFO [main] org.apache.catalina.core.StandardService.startInternal Starting service Catalina
05-Sep-2016 13:07:23.928 INFO [main] org.apache.catalina.core.StandardEngine.startInternal Starting Servlet Engine: Apache Tomcat/9.0.0.M4
05-Sep-2016 13:07:24.365 INFO [localhost-startStop-1] org.apache.catalina.startup.HostConfig.deployDirectory Deploying web application directory /Users/wangtianxia1/Documents/apache-tomcat-9.0.0.M4/webapps/docs
05-Sep-2016 13:07:24.394 INFO [localhost-startStop-1] org.apache.catalina.startup.HostConfig.deployDirectory Deployment of web application directory /Users/wangtianxia1/Documents/apache-tomcat-9.0.0.M4/webapps/docs has finished in 28 ms
05-Sep-2016 13:07:24.394 INFO [localhost-startStop-1] org.apache.catalina.startup.HostConfig.deployDirectory Deploying web application directory /Users/wangtianxia1/Documents/apache-tomcat-9.0.0.M4/webapps/examples
05-Sep-2016 13:07:24.804 INFO [localhost-startStop-1] org.apache.catalina.startup.HostConfig.deployDirectory Deployment of web application directory /Users/wangtianxia1/Documents/apache-tomcat-9.0.0.M4/webapps/examples has finished in 409 ms
05-Sep-2016 13:07:24.804 INFO [localhost-startStop-1] org.apache.catalina.startup.HostConfig.deployDirectory Deploying web application directory /Users/wangtianxia1/Documents/apache-tomcat-9.0.0.M4/webapps/host-manager
05-Sep-2016 13:07:24.848 INFO [localhost-startStop-1] org.apache.catalina.startup.HostConfig.deployDirectory Deployment of web application directory /Users/wangtianxia1/Documents/apache-tomcat-9.0.0.M4/webapps/host-manager has finished in 44 ms
05-Sep-2016 13:07:24.848 INFO [localhost-startStop-1] org.apache.catalina.startup.HostConfig.deployDirectory Deploying web application directory /Users/wangtianxia1/Documents/apache-tomcat-9.0.0.M4/webapps/manager
05-Sep-2016 13:07:24.897 INFO [localhost-startStop-1] org.apache.catalina.startup.HostConfig.deployDirectory Deployment of web application directory /Users/wangtianxia1/Documents/apache-tomcat-9.0.0.M4/webapps/manager has finished in 49 ms
05-Sep-2016 13:07:24.897 INFO [localhost-startStop-1] org.apache.catalina.startup.HostConfig.deployDirectory Deploying web application directory /Users/wangtianxia1/Documents/apache-tomcat-9.0.0.M4/webapps/ROOT
05-Sep-2016 13:07:24.920 INFO [localhost-startStop-1] org.apache.catalina.startup.HostConfig.deployDirectory Deployment of web application directory /Users/wangtianxia1/Documents/apache-tomcat-9.0.0.M4/webapps/ROOT has finished in 23 ms
05-Sep-2016 13:07:24.924 INFO [main] org.apache.catalina.startup.Catalina.start Server startup in 1030 ms
05-Sep-2016 13:07:24.931 SEVERE [main] org.apache.catalina.core.StandardServer.await StandardServer.await: create[localhost:8005]: 
 java.net.BindException: Address already in use
	at java.net.PlainSocketImpl.socketBind(Native Method)
	at java.net.AbstractPlainSocketImpl.bind(AbstractPlainSocketImpl.java:382)
	at java.net.ServerSocket.bind(ServerSocket.java:375)
	at java.net.ServerSocket.<init>(ServerSocket.java:237)
	at org.apache.catalina.core.StandardServer.await(StandardServer.java:441)
	at org.apache.catalina.startup.Catalina.await(Catalina.java:743)
	at org.apache.catalina.startup.Catalina.start(Catalina.java:689)
	at sun.reflect.NativeMethodAccessorImpl.invoke0(Native Method)
	at sun.reflect.NativeMethodAccessorImpl.invoke(NativeMethodAccessorImpl.java:62)
	at sun.reflect.DelegatingMethodAccessorImpl.invoke(DelegatingMethodAccessorImpl.java:43)
	at java.lang.reflect.Method.invoke(Method.java:497)
	at org.apache.catalina.startup.Bootstrap.start(Bootstrap.java:355)
	at org.apache.catalina.startup.Bootstrap.main(Bootstrap.java:495)

05-Sep-2016 13:07:24.932 INFO [main] org.apache.coyote.AbstractProtocol.pause Pausing ProtocolHandler ["http-nio-8080"]
05-Sep-2016 13:07:24.932 INFO [main] org.apache.coyote.AbstractProtocol.pause Pausing ProtocolHandler ["ajp-nio-8009"]
05-Sep-2016 13:07:24.932 INFO [main] org.apache.catalina.core.StandardService.stopInternal Stopping service Catalina
05-Sep-2016 13:07:24.985 INFO [main] org.apache.coyote.AbstractProtocol.stop Stopping ProtocolHandler ["http-nio-8080"]
05-Sep-2016 13:07:24.985 INFO [main] org.apache.coyote.AbstractProtocol.destroy Destroying ProtocolHandler ["http-nio-8080"]
05-Sep-2016 13:07:24.986 INFO [main] org.apache.coyote.AbstractProtocol.stop Stopping ProtocolHandler ["ajp-nio-8009"]
05-Sep-2016 13:07:24.986 INFO [main] org.apache.coyote.AbstractProtocol.destroy Destroying ProtocolHandler ["ajp-nio-8009"]
05-Sep-2016 13:07:27.951 INFO [main] org.apache.catalina.core.StandardServer.await A valid shutdown command was received via the shutdown port. Stopping the Server instance.
05-Sep-2016 13:07:27.951 INFO [main] org.apache.coyote.AbstractProtocol.pause Pausing ProtocolHandler ["http-nio-8080"]
05-Sep-2016 13:07:28.010 INFO [main] org.apache.coyote.AbstractProtocol.pause Pausing ProtocolHandler ["ajp-nio-8009"]
05-Sep-2016 13:07:28.065 INFO [main] org.apache.catalina.core.StandardService.stopInternal Stopping service Catalina
05-Sep-2016 13:07:28.108 INFO [main] org.apache.coyote.AbstractProtocol.stop Stopping ProtocolHandler ["http-nio-8080"]
05-Sep-2016 13:07:28.122 INFO [main] org.apache.coyote.AbstractProtocol.stop Stopping ProtocolHandler ["ajp-nio-8009"]
05-Sep-2016 13:07:28.123 INFO [main] org.apache.coyote.AbstractProtocol.destroy Destroying ProtocolHandler ["http-nio-8080"]
05-Sep-2016 13:07:28.125 INFO [main] org.apache.coyote.AbstractProtocol.destroy Destroying ProtocolHandler ["ajp-nio-8009"]
26-Sep-2016 21:15:09.708 INFO [main] org.apache.catalina.startup.VersionLoggerListener.log Server version:        Apache Tomcat/9.0.0.M4
26-Sep-2016 21:15:09.711 INFO [main] org.apache.catalina.startup.VersionLoggerListener.log Server built:          Mar 12 2016 11:39:59 UTC
26-Sep-2016 21:15:09.711 INFO [main] org.apache.catalina.startup.VersionLoggerListener.log Server number:         9.0.0.0
26-Sep-2016 21:15:09.711 INFO [main] org.apache.catalina.startup.VersionLoggerListener.log OS Name:               Mac OS X
26-Sep-2016 21:15:09.711 INFO [main] org.apache.catalina.startup.VersionLoggerListener.log OS Version:            10.11.6
26-Sep-2016 21:15:09.712 INFO [main] org.apache.catalina.startup.VersionLoggerListener.log Architecture:          x86_64
26-Sep-2016 21:15:09.712 INFO [main] org.apache.catalina.startup.VersionLoggerListener.log Java Home:             /Library/Java/JavaVirtualMachines/jdk1.8.0_40.jdk/Contents/Home/jre
26-Sep-2016 21:15:09.712 INFO [main] org.apache.catalina.startup.VersionLoggerListener.log JVM Version:           1.8.0_40-b27
26-Sep-2016 21:15:09.712 INFO [main] org.apache.catalina.startup.VersionLoggerListener.log JVM Vendor:            Oracle Corporation
26-Sep-2016 21:15:09.712 INFO [main] org.apache.catalina.startup.VersionLoggerListener.log CATALINA_BASE:         /Users/wangtianxia1/Documents/apache-tomcat-9.0.0.M4
26-Sep-2016 21:15:09.712 INFO [main] org.apache.catalina.startup.VersionLoggerListener.log CATALINA_HOME:         /Users/wangtianxia1/Documents/apache-tomcat-9.0.0.M4
26-Sep-2016 21:15:09.713 INFO [main] org.apache.catalina.startup.VersionLoggerListener.log Command line argument: -Djava.util.logging.config.file=/Users/wangtianxia1/Documents/apache-tomcat-9.0.0.M4/conf/logging.properties
26-Sep-2016 21:15:09.713 INFO [main] org.apache.catalina.startup.VersionLoggerListener.log Command line argument: -Djava.util.logging.manager=org.apache.juli.ClassLoaderLogManager
26-Sep-2016 21:15:09.713 INFO [main] org.apache.catalina.startup.VersionLoggerListener.log Command line argument: -Dcatalina.base=/Users/wangtianxia1/Documents/apache-tomcat-9.0.0.M4
26-Sep-2016 21:15:09.713 INFO [main] org.apache.catalina.startup.VersionLoggerListener.log Command line argument: -Dcatalina.home=/Users/wangtianxia1/Documents/apache-tomcat-9.0.0.M4
26-Sep-2016 21:15:09.713 INFO [main] org.apache.catalina.startup.VersionLoggerListener.log Command line argument: -Djava.io.tmpdir=/Users/wangtianxia1/Documents/apache-tomcat-9.0.0.M4/temp
26-Sep-2016 21:15:09.713 INFO [main] org.apache.catalina.core.AprLifecycleListener.lifecycleEvent The APR based Apache Tomcat Native library which allows optimal performance in production environments was not found on the java.library.path: /Users/wangtianxia1/Library/Java/Extensions:/Library/Java/Extensions:/Network/Library/Java/Extensions:/System/Library/Java/Extensions:/usr/lib/java:.
26-Sep-2016 21:15:10.043 INFO [main] org.apache.coyote.AbstractProtocol.init Initializing ProtocolHandler ["http-nio-8080"]
26-Sep-2016 21:15:10.098 INFO [main] org.apache.tomcat.util.net.NioSelectorPool.getSharedSelector Using a shared selector for servlet write/read
26-Sep-2016 21:15:10.105 INFO [main] org.apache.coyote.AbstractProtocol.init Initializing ProtocolHandler ["ajp-nio-8009"]
26-Sep-2016 21:15:10.110 INFO [main] org.apache.tomcat.util.net.NioSelectorPool.getSharedSelector Using a shared selector for servlet write/read
26-Sep-2016 21:15:10.121 INFO [main] org.apache.catalina.startup.Catalina.load Initialization processed in 1178 ms
26-Sep-2016 21:15:10.191 INFO [main] org.apache.catalina.core.StandardService.startInternal Starting service Catalina
26-Sep-2016 21:15:10.194 INFO [main] org.apache.catalina.core.StandardEngine.startInternal Starting Servlet Engine: Apache Tomcat/9.0.0.M4
26-Sep-2016 21:15:10.652 INFO [localhost-startStop-1] org.apache.catalina.startup.HostConfig.deployDirectory Deploying web application directory /Users/wangtianxia1/Documents/apache-tomcat-9.0.0.M4/webapps/docs
26-Sep-2016 21:15:10.680 INFO [localhost-startStop-1] org.apache.catalina.startup.HostConfig.deployDirectory Deployment of web application directory /Users/wangtianxia1/Documents/apache-tomcat-9.0.0.M4/webapps/docs has finished in 27 ms
26-Sep-2016 21:15:10.680 INFO [localhost-startStop-1] org.apache.catalina.startup.HostConfig.deployDirectory Deploying web application directory /Users/wangtianxia1/Documents/apache-tomcat-9.0.0.M4/webapps/examples
26-Sep-2016 21:15:11.079 INFO [localhost-startStop-1] org.apache.catalina.startup.HostConfig.deployDirectory Deployment of web application directory /Users/wangtianxia1/Documents/apache-tomcat-9.0.0.M4/webapps/examples has finished in 399 ms
26-Sep-2016 21:15:11.079 INFO [localhost-startStop-1] org.apache.catalina.startup.HostConfig.deployDirectory Deploying web application directory /Users/wangtianxia1/Documents/apache-tomcat-9.0.0.M4/webapps/host-manager
26-Sep-2016 21:15:11.118 INFO [localhost-startStop-1] org.apache.catalina.startup.HostConfig.deployDirectory Deployment of web application directory /Users/wangtianxia1/Documents/apache-tomcat-9.0.0.M4/webapps/host-manager has finished in 39 ms
26-Sep-2016 21:15:11.118 INFO [localhost-startStop-1] org.apache.catalina.startup.HostConfig.deployDirectory Deploying web application directory /Users/wangtianxia1/Documents/apache-tomcat-9.0.0.M4/webapps/manager
26-Sep-2016 21:15:11.183 INFO [localhost-startStop-1] org.apache.catalina.startup.HostConfig.deployDirectory Deployment of web application directory /Users/wangtianxia1/Documents/apache-tomcat-9.0.0.M4/webapps/manager has finished in 65 ms
26-Sep-2016 21:15:11.184 INFO [localhost-startStop-1] org.apache.catalina.startup.HostConfig.deployDirectory Deploying web application directory /Users/wangtianxia1/Documents/apache-tomcat-9.0.0.M4/webapps/ROOT
26-Sep-2016 21:15:11.206 INFO [localhost-startStop-1] org.apache.catalina.startup.HostConfig.deployDirectory Deployment of web application directory /Users/wangtianxia1/Documents/apache-tomcat-9.0.0.M4/webapps/ROOT has finished in 22 ms
26-Sep-2016 21:15:11.211 INFO [main] org.apache.coyote.AbstractProtocol.start Starting ProtocolHandler [http-nio-8080]
26-Sep-2016 21:15:11.220 INFO [main] org.apache.coyote.AbstractProtocol.start Starting ProtocolHandler [ajp-nio-8009]
26-Sep-2016 21:15:11.221 INFO [main] org.apache.catalina.startup.Catalina.start Server startup in 1099 ms
26-Sep-2016 21:15:13.506 INFO [main] org.apache.catalina.core.StandardServer.await A valid shutdown command was received via the shutdown port. Stopping the Server instance.
26-Sep-2016 21:15:13.507 INFO [main] org.apache.coyote.AbstractProtocol.pause Pausing ProtocolHandler ["http-nio-8080"]
26-Sep-2016 21:15:13.565 INFO [main] org.apache.coyote.AbstractProtocol.pause Pausing ProtocolHandler ["ajp-nio-8009"]
26-Sep-2016 21:15:13.618 INFO [main] org.apache.catalina.core.StandardService.stopInternal Stopping service Catalina
26-Sep-2016 21:15:13.665 INFO [main] org.apache.coyote.AbstractProtocol.stop Stopping ProtocolHandler ["http-nio-8080"]
26-Sep-2016 21:15:13.671 INFO [main] org.apache.coyote.AbstractProtocol.stop Stopping ProtocolHandler ["ajp-nio-8009"]
26-Sep-2016 21:15:13.672 INFO [main] org.apache.coyote.AbstractProtocol.destroy Destroying ProtocolHandler ["http-nio-8080"]
26-Sep-2016 21:15:13.673 INFO [main] org.apache.coyote.AbstractProtocol.destroy Destroying ProtocolHandler ["ajp-nio-8009"]
